SLURM_JOBID:  379526
Couldn't connect to the Hub: 401 Client Error. (Request ID: Root=1-69cd3c63-3a6da83d18da30060671cc2a;867ff985-de14-4c32-afae-82c12045b710)

Repository Not Found for url: https://huggingface.co/api/models/stabilityai/stable-diffusion-2-1-base/revision/fp16.
Please make sure you specified the correct `repo_id` and `repo_type`.
If you are trying to access a private or gated repo, make sure you are authenticated. For more details, see https://huggingface.co/docs/huggingface_hub/authentication
Invalid username or password..
Will try to load from local cache.
Creating CLIP ResNet50
Created CLIP ResNet50 and moved to GPU, feature extractor created
Loading rois from: /lab_data/hendersonlab/datasets/nsd_preproc/rois/S1_voxel_roi_info.npy
Loaded 41 rois: ['V1v', 'V1d', 'V2v', 'V2d', 'V3v', 'V3d', 'hV4', 'VO1', 'VO2', 'PHC1', 'PHC2', 'TO2', 'TO1', 'LO2', 'LO1', 'V3B', 'V3A', 'IPS0', 'IPS1', 'IPS2', 'IPS3', 'IPS4', 'IPS5', 'SPL1', 'FEF', 'OFA', 'FFA-1', 'FFA-2', 'mTL-faces', 'aTL-faces', 'OPA', 'PPA', 'RSC', 'EBA', 'FBA-1', 'FBA-2', 'mTL-bodies', 'V1', 'V2', 'V3', 'FFA']
Loading pipeline components...:   0%|          | 0/5 [00:00<?, ?it/s]An error occurred while trying to fetch /home/junruz/.cache/huggingface/hub/models--stabilityai--stable-diffusion-2-1-base/snapshots/1f758383196d38df1dfe523ddb1030f2bfab7741/unet: Error no file named diffusion_pytorch_model.safetensors found in directory /home/junruz/.cache/huggingface/hub/models--stabilityai--stable-diffusion-2-1-base/snapshots/1f758383196d38df1dfe523ddb1030f2bfab7741/unet.
Defaulting to unsafe serialization. Pass `allow_pickle=False` to raise an error instead.
Loading pipeline components...:  20%|██        | 1/5 [00:00<00:01,  2.17it/s]An error occurred while trying to fetch /home/junruz/.cache/huggingface/hub/models--stabilityai--stable-diffusion-2-1-base/snapshots/1f758383196d38df1dfe523ddb1030f2bfab7741/vae: Error no file named diffusion_pytorch_model.safetensors found in directory /home/junruz/.cache/huggingface/hub/models--stabilityai--stable-diffusion-2-1-base/snapshots/1f758383196d38df1dfe523ddb1030f2bfab7741/vae.
Defaulting to unsafe serialization. Pass `allow_pickle=False` to raise an error instead.
Loading pipeline components...:  40%|████      | 2/5 [00:00<00:00,  3.92it/s]`torch_dtype` is deprecated! Use `dtype` instead!
Loading pipeline components...:  60%|██████    | 3/5 [00:01<00:00,  2.58it/s]Loading pipeline components...: 100%|██████████| 5/5 [00:01<00:00,  4.69it/s]Loading pipeline components...: 100%|██████████| 5/5 [00:01<00:00,  3.92it/s]
/home/junruz/BrainDiVE/brain_guide_pipeline.py:694: FutureWarning: Accessing config attribute `in_channels` directly via 'UNet2DConditionModel' object attribute is deprecated. Please access 'in_channels' over 'UNet2DConditionModel's config object instead, e.g. 'unet.config.in_channels'.
  num_channels_latents = self.unet.in_channels
/home/junruz/BrainDiVE/brain_guide_pipeline.py:823: FutureWarning: Accessing config attribute `attention_head_dim` directly via 'UNet2DConditionModel' object attribute is deprecated. Please access 'attention_head_dim' over 'UNet2DConditionModel's config object instead, e.g. 'unet.config.attention_head_dim'.
  h = self.unet.attention_head_dim
Starting S1 V2
Top 5 r2_voxels values for V2: [0.6205154  0.59690034 0.59654524]
Corresponding indices: [ 822  696 1010]
Starting 00001
Starting 00002
Starting 00003
Starting 00004
Starting 00005
Starting 00006
Starting 00007
Starting 00008
Starting 00009
Starting 00010
Starting 00011
Starting 00012
Starting 00013
Starting 00014
Starting 00015
Starting 00016
Starting 00017
Starting 00018
Starting 00019
Starting 00020
Starting 00021
Starting 00022
Starting 00023
Starting 00024
Starting 00025
Starting 00026
Starting 00027
Starting 00028
Starting 00029
Starting 00030
Starting 00031
Starting 00032
Starting 00033
Starting 00034
Starting 00035
Starting 00036
Starting 00037
Starting 00038
Starting 00039
Starting 00040
Starting 00041
Starting 00042
Starting 00043
Starting 00044
Starting 00045
Starting 00046
Starting 00047
Starting 00048
Starting 00049
Starting 00050
Starting 00051
Starting 00052
Starting 00053
Starting 00054
Starting 00055
Starting 00056
Starting 00057
Starting 00058
Starting 00059
Starting 00060
Starting 00061
Starting 00062
Starting 00063
Starting 00064
Starting 00065
Starting 00066
Starting 00067
Starting 00068
Starting 00069
Starting 00070
Starting 00071
Starting 00072
Starting 00073
Starting 00074
Starting 00075
Starting 00076
Starting 00077
Starting 00078
Starting 00079
Starting 00080
Starting 00081
Starting 00082
Starting 00083
Starting 00084
Starting 00085
Starting 00086
Starting 00087
Starting 00088
Starting 00089
Starting 00090
Starting 00091
Starting 00092
Starting 00093
Starting 00094
Starting 00095
Starting 00096
Starting 00097
Starting 00098
Starting 00099
Starting 00100
Voxel ranking complete for V2 voxel 822: best_seed=4079030244, best_score=32.911172, kept_top_n=10, saved=/user_data/junruz/BrainDiVE/pRF_no_zscore_ranked/S1_RN50_layer2/test_step100_scale30.0/S1/V2/V2_top1_voxel822_ranking.json
Starting 00001
Starting 00002
Starting 00003
Starting 00004
Starting 00005
Starting 00006
Starting 00007
Starting 00008
Starting 00009
Starting 00010
Starting 00011
Starting 00012
Starting 00013
Starting 00014
Starting 00015
Starting 00016
Starting 00017
Starting 00018
Starting 00019
Starting 00020
Starting 00021
Starting 00022
Starting 00023
Starting 00024
Starting 00025
Starting 00026
Starting 00027
Starting 00028
Starting 00029
Starting 00030
Starting 00031
Starting 00032
Starting 00033
Starting 00034
Starting 00035
Starting 00036
Starting 00037
Starting 00038
Starting 00039
Starting 00040
Starting 00041
Starting 00042
Starting 00043
Starting 00044
Starting 00045
Starting 00046
Starting 00047
Starting 00048
Starting 00049
Starting 00050
Starting 00051
Starting 00052
Starting 00053
Starting 00054
Starting 00055
Starting 00056
Starting 00057
Starting 00058
Starting 00059
Starting 00060
Starting 00061
Starting 00062
Starting 00063
Starting 00064
Starting 00065
Starting 00066
Starting 00067
Starting 00068
Starting 00069
Starting 00070
Starting 00071
Starting 00072
Starting 00073
Starting 00074
Starting 00075
Starting 00076
Starting 00077
Starting 00078
Starting 00079
Starting 00080
Starting 00081
Starting 00082
Starting 00083
Starting 00084
Starting 00085
Starting 00086
Starting 00087
Starting 00088
Starting 00089
Starting 00090
Starting 00091
Starting 00092
Starting 00093
Starting 00094
Starting 00095
Starting 00096
Starting 00097
Starting 00098
Starting 00099
Starting 00100
Voxel ranking complete for V2 voxel 696: best_seed=2510141765, best_score=9.006979, kept_top_n=10, saved=/user_data/junruz/BrainDiVE/pRF_no_zscore_ranked/S1_RN50_layer2/test_step100_scale30.0/S1/V2/V2_top2_voxel696_ranking.json
Starting 00001
Starting 00002
Starting 00003
Starting 00004
Starting 00005
Starting 00006
Starting 00007
Starting 00008
Starting 00009
Starting 00010
Starting 00011
Starting 00012
Starting 00013
Starting 00014
Starting 00015
Starting 00016
Starting 00017
Starting 00018
Starting 00019
Starting 00020
Starting 00021
Starting 00022
Starting 00023
Starting 00024
Starting 00025
Starting 00026
Starting 00027
Starting 00028
Starting 00029
Starting 00030
Starting 00031
Starting 00032
Starting 00033
Starting 00034
Starting 00035
Starting 00036
Starting 00037
Starting 00038
Starting 00039
Starting 00040
Starting 00041
Starting 00042
Starting 00043
Starting 00044
Starting 00045
Starting 00046
Starting 00047
Starting 00048
Starting 00049
Starting 00050
Starting 00051
Starting 00052
Starting 00053
Starting 00054
Starting 00055
Starting 00056
Starting 00057
Starting 00058
Starting 00059
Starting 00060
Starting 00061
Starting 00062
Starting 00063
Starting 00064
Starting 00065
Starting 00066
Starting 00067
Starting 00068
Starting 00069
Starting 00070
Starting 00071
Starting 00072
Starting 00073
Starting 00074
Starting 00075
Starting 00076
Starting 00077
Starting 00078
Starting 00079
Starting 00080
Starting 00081
Starting 00082
Starting 00083
Starting 00084
Starting 00085
Starting 00086
Starting 00087
Starting 00088
Starting 00089
Starting 00090
Starting 00091
Starting 00092
Starting 00093
Starting 00094
Starting 00095
Starting 00096
Starting 00097
Starting 00098
Starting 00099
Starting 00100
Voxel ranking complete for V2 voxel 1010: best_seed=1720477294, best_score=306.527622, kept_top_n=10, saved=/user_data/junruz/BrainDiVE/pRF_no_zscore_ranked/S1_RN50_layer2/test_step100_scale30.0/S1/V2/V2_top3_voxel1010_ranking.json
Starting S1 V3
Top 5 r2_voxels values for V3: [0.43473274 0.43425644 0.43407736]
Corresponding indices: [ 533 1117  439]
Starting 00001
Starting 00002
Starting 00003
Starting 00004
Starting 00005
Starting 00006
Starting 00007
Starting 00008
Starting 00009
Starting 00010
Starting 00011
Starting 00012
Starting 00013
Starting 00014
Starting 00015
Starting 00016
Starting 00017
Starting 00018
Starting 00019
Starting 00020
Starting 00021
Starting 00022
Starting 00023
Starting 00024
Starting 00025
Starting 00026
Starting 00027
Starting 00028
Starting 00029
Starting 00030
Starting 00031
Starting 00032
Starting 00033
Starting 00034
Starting 00035
Starting 00036
Starting 00037
Starting 00038
Starting 00039
Starting 00040
Starting 00041
Starting 00042
Starting 00043
Starting 00044
Starting 00045
Starting 00046
Starting 00047
Starting 00048
Starting 00049
Starting 00050
Starting 00051
Starting 00052
Starting 00053
Starting 00054
Starting 00055
Starting 00056
Starting 00057
Starting 00058
Starting 00059
Starting 00060
Starting 00061
Starting 00062
Starting 00063
Starting 00064
Starting 00065
Starting 00066
Starting 00067
Starting 00068
Starting 00069
Starting 00070
Starting 00071
Starting 00072
Starting 00073
Starting 00074
Starting 00075
Starting 00076
Starting 00077
Starting 00078
Starting 00079
Starting 00080
Starting 00081
Starting 00082
Starting 00083
Starting 00084
Starting 00085
Starting 00086
Starting 00087
Starting 00088
Starting 00089
Starting 00090
Starting 00091
Starting 00092
Starting 00093
Starting 00094
Starting 00095
Starting 00096
Starting 00097
Starting 00098
Starting 00099
Starting 00100
Voxel ranking complete for V3 voxel 533: best_seed=578599358, best_score=157.822000, kept_top_n=10, saved=/user_data/junruz/BrainDiVE/pRF_no_zscore_ranked/S1_RN50_layer2/test_step100_scale30.0/S1/V3/V3_top1_voxel533_ranking.json
Starting 00001
Starting 00002
Starting 00003
Starting 00004
Starting 00005
Starting 00006
Starting 00007
Starting 00008
Starting 00009
Starting 00010
Starting 00011
Starting 00012
Starting 00013
Starting 00014
Starting 00015
Starting 00016
Starting 00017
Starting 00018
Starting 00019
Starting 00020
Starting 00021
Starting 00022
Starting 00023
Starting 00024
Starting 00025
Starting 00026
Starting 00027
Starting 00028
Starting 00029
Starting 00030
Starting 00031
Starting 00032
Starting 00033
Starting 00034
Starting 00035
Starting 00036
Starting 00037
Starting 00038
Starting 00039
Starting 00040
Starting 00041
Starting 00042
Starting 00043
Starting 00044
Starting 00045
Starting 00046
Starting 00047
Starting 00048
Starting 00049
Starting 00050
Starting 00051
Starting 00052
Starting 00053
Starting 00054
Starting 00055
Starting 00056
Starting 00057
Starting 00058
Starting 00059
Starting 00060
Starting 00061
Starting 00062
Starting 00063
Starting 00064
Starting 00065
Starting 00066
Starting 00067
Starting 00068
Starting 00069
Starting 00070
Starting 00071
Starting 00072
Starting 00073
Starting 00074
Starting 00075
Starting 00076
Starting 00077
Starting 00078
Starting 00079
Starting 00080
Starting 00081
Starting 00082
Starting 00083
Starting 00084
Starting 00085
Starting 00086
Starting 00087
Starting 00088
Starting 00089
Starting 00090
Starting 00091
Starting 00092
Starting 00093
Starting 00094
Starting 00095
Starting 00096
Starting 00097
Starting 00098
Starting 00099
Starting 00100
Voxel ranking complete for V3 voxel 1117: best_seed=1144092442, best_score=22.144366, kept_top_n=10, saved=/user_data/junruz/BrainDiVE/pRF_no_zscore_ranked/S1_RN50_layer2/test_step100_scale30.0/S1/V3/V3_top2_voxel1117_ranking.json
Starting 00001
Starting 00002
Starting 00003
Starting 00004
Starting 00005
Starting 00006
Starting 00007
Starting 00008
Starting 00009
Starting 00010
Starting 00011
Starting 00012
Starting 00013
Starting 00014
Starting 00015
Starting 00016
Starting 00017
Starting 00018
Starting 00019
Starting 00020
Starting 00021
Starting 00022
Starting 00023
Starting 00024
Starting 00025
Starting 00026
Starting 00027
Starting 00028
Starting 00029
Starting 00030
Starting 00031
Starting 00032
Starting 00033
Starting 00034
Starting 00035
Starting 00036
Starting 00037
Starting 00038
Starting 00039
Starting 00040
Starting 00041
Starting 00042
Starting 00043
Starting 00044
Starting 00045
Starting 00046
Starting 00047
Starting 00048
Starting 00049
Starting 00050
Starting 00051
Starting 00052
Starting 00053
Starting 00054
Starting 00055
Starting 00056
Starting 00057
Starting 00058
Starting 00059
Starting 00060
Starting 00061
Starting 00062
Starting 00063
Starting 00064
Starting 00065
Starting 00066
Starting 00067
Starting 00068
Starting 00069
Starting 00070
Starting 00071
Starting 00072
Starting 00073
Starting 00074
Starting 00075
Starting 00076
Starting 00077
Starting 00078
Starting 00079
Starting 00080
Starting 00081
Starting 00082
Starting 00083
Starting 00084
Starting 00085
Starting 00086
Starting 00087
Starting 00088
Starting 00089
Starting 00090
Starting 00091
Starting 00092
Starting 00093
Starting 00094
Starting 00095
Starting 00096
Starting 00097
Starting 00098
Starting 00099
Starting 00100
Voxel ranking complete for V3 voxel 439: best_seed=2045097727, best_score=83.238332, kept_top_n=10, saved=/user_data/junruz/BrainDiVE/pRF_no_zscore_ranked/S1_RN50_layer2/test_step100_scale30.0/S1/V3/V3_top3_voxel439_ranking.json
Starting S1 hV4
Top 5 r2_voxels values for hV4: [0.45825577 0.44446481 0.4288471 ]
Corresponding indices: [276 291 234]
Starting 00001
Starting 00002
Starting 00003
Starting 00004
Starting 00005
Starting 00006
Starting 00007
Starting 00008
Starting 00009
Starting 00010
Starting 00011
Starting 00012
Starting 00013
Starting 00014
Starting 00015
Starting 00016
Starting 00017
Starting 00018
Starting 00019
Starting 00020
Starting 00021
Starting 00022
Starting 00023
Starting 00024
Starting 00025
Starting 00026
Starting 00027
Starting 00028
Starting 00029
Starting 00030
Starting 00031
Starting 00032
Starting 00033
Starting 00034
Starting 00035
Starting 00036
Starting 00037
Starting 00038
Starting 00039
Starting 00040
Starting 00041
Starting 00042
Starting 00043
Starting 00044
Starting 00045
Starting 00046
Starting 00047
Starting 00048
Starting 00049
Starting 00050
Starting 00051
Starting 00052
Starting 00053
Starting 00054
Starting 00055
Starting 00056
Starting 00057
Starting 00058
Starting 00059
Starting 00060
Starting 00061
Starting 00062
Starting 00063
Starting 00064
Starting 00065
Starting 00066
Starting 00067
Starting 00068
Starting 00069
Starting 00070
Starting 00071
Starting 00072
Starting 00073
Starting 00074
Starting 00075
Starting 00076
Starting 00077
Starting 00078
Starting 00079
Starting 00080
Starting 00081
Starting 00082
Starting 00083
Starting 00084
Starting 00085
Starting 00086
Starting 00087
Starting 00088
Starting 00089
Starting 00090
Starting 00091
Starting 00092
Starting 00093
Starting 00094
Starting 00095
Starting 00096
Starting 00097
Starting 00098
Starting 00099
Starting 00100
Voxel ranking complete for hV4 voxel 276: best_seed=2148081505, best_score=11.251353, kept_top_n=10, saved=/user_data/junruz/BrainDiVE/pRF_no_zscore_ranked/S1_RN50_layer2/test_step100_scale30.0/S1/hV4/hV4_top1_voxel276_ranking.json
Starting 00001
Starting 00002
Starting 00003
Starting 00004
Starting 00005
Starting 00006
Starting 00007
Starting 00008
Starting 00009
Starting 00010
Starting 00011
Starting 00012
Starting 00013
Starting 00014
Starting 00015
Starting 00016
Starting 00017
Starting 00018
Starting 00019
Starting 00020
Starting 00021
Starting 00022
Starting 00023
Starting 00024
Starting 00025
Starting 00026
Starting 00027
Starting 00028
Starting 00029
Starting 00030
Starting 00031
Starting 00032
Starting 00033
Starting 00034
Starting 00035
Starting 00036
Starting 00037
Starting 00038
Starting 00039
Starting 00040
Starting 00041
Starting 00042
Starting 00043
Starting 00044
Starting 00045
Starting 00046
Starting 00047
Starting 00048
Starting 00049
Starting 00050
Starting 00051
Starting 00052
Starting 00053
Starting 00054
Starting 00055
Starting 00056
Starting 00057
Starting 00058
Starting 00059
Starting 00060
Starting 00061
Starting 00062
Starting 00063
Starting 00064
Starting 00065
Starting 00066
Starting 00067
Starting 00068
Starting 00069
Starting 00070
Starting 00071
Starting 00072
Starting 00073
Starting 00074
Starting 00075
Starting 00076
Starting 00077
Starting 00078
Starting 00079
Starting 00080
Starting 00081
Starting 00082
Starting 00083
Starting 00084
Starting 00085
Starting 00086
Starting 00087
Starting 00088
Starting 00089
Starting 00090
Starting 00091
Starting 00092
Starting 00093
Starting 00094
Starting 00095
Starting 00096
Starting 00097
Starting 00098
Starting 00099
Starting 00100
Voxel ranking complete for hV4 voxel 291: best_seed=3773441082, best_score=13.558109, kept_top_n=10, saved=/user_data/junruz/BrainDiVE/pRF_no_zscore_ranked/S1_RN50_layer2/test_step100_scale30.0/S1/hV4/hV4_top2_voxel291_ranking.json
Starting 00001
Starting 00002
Starting 00003
Starting 00004
Starting 00005
Starting 00006
Starting 00007
Starting 00008
Starting 00009
Starting 00010
Starting 00011
Starting 00012
Starting 00013
Starting 00014
Starting 00015
Starting 00016
Starting 00017
Starting 00018
Starting 00019
Starting 00020
Starting 00021
Starting 00022
Starting 00023
Starting 00024
Starting 00025
Starting 00026
Starting 00027
Starting 00028
Starting 00029
Starting 00030
Starting 00031
Starting 00032
Starting 00033
Starting 00034
Starting 00035
Starting 00036
Starting 00037
Starting 00038
Starting 00039
Starting 00040
Starting 00041
Starting 00042
Starting 00043
Starting 00044
Starting 00045
Starting 00046
Starting 00047
Starting 00048
Starting 00049
Starting 00050
Starting 00051
Starting 00052
Starting 00053
Starting 00054
Starting 00055
Starting 00056
Starting 00057
Starting 00058
Starting 00059
Starting 00060
Starting 00061
Starting 00062
Starting 00063
Starting 00064
Starting 00065
Starting 00066
Starting 00067
Starting 00068
Starting 00069
Starting 00070
Starting 00071
Starting 00072
Starting 00073
Starting 00074
Starting 00075
Starting 00076
Starting 00077
Starting 00078
Starting 00079
Starting 00080
Starting 00081
Starting 00082
Starting 00083
Starting 00084
Starting 00085
Starting 00086
Starting 00087
Starting 00088
Starting 00089
Starting 00090
Starting 00091
Starting 00092
Starting 00093
Starting 00094
Starting 00095
Starting 00096
Starting 00097
Starting 00098
Starting 00099
Starting 00100
Voxel ranking complete for hV4 voxel 234: best_seed=761064985, best_score=72.290830, kept_top_n=10, saved=/user_data/junruz/BrainDiVE/pRF_no_zscore_ranked/S1_RN50_layer2/test_step100_scale30.0/S1/hV4/hV4_top3_voxel234_ranking.json
