SLURM_JOBID:  379379
Creating CLIP ResNet50
Traceback (most recent call last):
  File "/home/junruz/BrainDiVE/run_image_generation_pRF_with_ranking.py", line 394, in <module>
    main()
    ~~~~^^
  File "/home/junruz/BrainDiVE/run_image_generation_pRF_with_ranking.py", line 99, in main
    visual_encoder, _ = clip.load(model_name, device=device)
                        ~~~~~~~~~^^^^^^^^^^^^^^^^^^^^^^^^^^^
  File "/home/junruz/.local/envs/env2025/lib/python3.13/site-packages/clip/clip.py", line 139, in load
    model = build_model(state_dict or model.state_dict()).to(device)
  File "/home/junruz/.local/envs/env2025/lib/python3.13/site-packages/torch/nn/modules/module.py", line 1355, in to
    return self._apply(convert)
           ~~~~~~~~~~~^^^^^^^^^
  File "/home/junruz/.local/envs/env2025/lib/python3.13/site-packages/torch/nn/modules/module.py", line 915, in _apply
    module._apply(fn)
    ~~~~~~~~~~~~~^^^^
  File "/home/junruz/.local/envs/env2025/lib/python3.13/site-packages/torch/nn/modules/module.py", line 915, in _apply
    module._apply(fn)
    ~~~~~~~~~~~~~^^^^
  File "/home/junruz/.local/envs/env2025/lib/python3.13/site-packages/torch/nn/modules/module.py", line 942, in _apply
    param_applied = fn(param)
  File "/home/junruz/.local/envs/env2025/lib/python3.13/site-packages/torch/nn/modules/module.py", line 1341, in convert
    return t.to(
           ~~~~^
        device,
        ^^^^^^^
        dtype if t.is_floating_point() or t.is_complex() else None,
        ^^^^^^^^^^^^^^^^^^^^^^^^^^^^^^^^^^^^^^^^^^^^^^^^^^^^^^^^^^^
        non_blocking,
        ^^^^^^^^^^^^^
    )
    ^
RuntimeError: CUDA error: invalid device ordinal
CUDA kernel errors might be asynchronously reported at some other API call, so the stacktrace below might be incorrect.
For debugging consider passing CUDA_LAUNCH_BLOCKING=1
Compile with `TORCH_USE_CUDA_DSA` to enable device-side assertions.

