SLURM_JOBID:  379380
Couldn't connect to the Hub: 401 Client Error. (Request ID: Root=1-69cc83c2-6984e4633cd110ca65edbe4d;0e6d80b5-9a04-4565-bfa3-0d419ac6376f)

Repository Not Found for url: https://huggingface.co/api/models/stabilityai/stable-diffusion-2-1-base/revision/fp16.
Please make sure you specified the correct `repo_id` and `repo_type`.
If you are trying to access a private or gated repo, make sure you are authenticated. For more details, see https://huggingface.co/docs/huggingface_hub/authentication
Invalid username or password..
Will try to load from local cache.
Creating CLIP ResNet50
Created CLIP ResNet50 and moved to GPU, feature extractor created
Loading rois from: /lab_data/hendersonlab/datasets/nsd_preproc/rois/S1_voxel_roi_info.npy
Loaded 41 rois: ['V1v', 'V1d', 'V2v', 'V2d', 'V3v', 'V3d', 'hV4', 'VO1', 'VO2', 'PHC1', 'PHC2', 'TO2', 'TO1', 'LO2', 'LO1', 'V3B', 'V3A', 'IPS0', 'IPS1', 'IPS2', 'IPS3', 'IPS4', 'IPS5', 'SPL1', 'FEF', 'OFA', 'FFA-1', 'FFA-2', 'mTL-faces', 'aTL-faces', 'OPA', 'PPA', 'RSC', 'EBA', 'FBA-1', 'FBA-2', 'mTL-bodies', 'V1', 'V2', 'V3', 'FFA']
Loading pipeline components...:   0%|          | 0/5 [00:00<?, ?it/s]Loading pipeline components...:  20%|██        | 1/5 [00:00<00:00,  4.88it/s]An error occurred while trying to fetch /home/junruz/.cache/huggingface/hub/models--stabilityai--stable-diffusion-2-1-base/snapshots/1f758383196d38df1dfe523ddb1030f2bfab7741/vae: Error no file named diffusion_pytorch_model.safetensors found in directory /home/junruz/.cache/huggingface/hub/models--stabilityai--stable-diffusion-2-1-base/snapshots/1f758383196d38df1dfe523ddb1030f2bfab7741/vae.
Defaulting to unsafe serialization. Pass `allow_pickle=False` to raise an error instead.
Loading pipeline components...:  60%|██████    | 3/5 [00:00<00:00,  9.83it/s]An error occurred while trying to fetch /home/junruz/.cache/huggingface/hub/models--stabilityai--stable-diffusion-2-1-base/snapshots/1f758383196d38df1dfe523ddb1030f2bfab7741/unet: Error no file named diffusion_pytorch_model.safetensors found in directory /home/junruz/.cache/huggingface/hub/models--stabilityai--stable-diffusion-2-1-base/snapshots/1f758383196d38df1dfe523ddb1030f2bfab7741/unet.
Defaulting to unsafe serialization. Pass `allow_pickle=False` to raise an error instead.
`torch_dtype` is deprecated! Use `dtype` instead!
Loading pipeline components...: 100%|██████████| 5/5 [00:00<00:00,  5.87it/s]Loading pipeline components...: 100%|██████████| 5/5 [00:00<00:00,  6.19it/s]
/home/junruz/BrainDiVE/brain_guide_pipeline.py:694: FutureWarning: Accessing config attribute `in_channels` directly via 'UNet2DConditionModel' object attribute is deprecated. Please access 'in_channels' over 'UNet2DConditionModel's config object instead, e.g. 'unet.config.in_channels'.
  num_channels_latents = self.unet.in_channels
/home/junruz/BrainDiVE/brain_guide_pipeline.py:823: FutureWarning: Accessing config attribute `attention_head_dim` directly via 'UNet2DConditionModel' object attribute is deprecated. Please access 'attention_head_dim' over 'UNet2DConditionModel's config object instead, e.g. 'unet.config.attention_head_dim'.
  h = self.unet.attention_head_dim
Starting S1 V2
Top 5 r2_voxels values for V2: [0.63135433 0.60097188 0.59889379]
Corresponding indices: [822 389 696]
Starting 00001
Traceback (most recent call last):
  File "/home/junruz/BrainDiVE/run_image_generation_pRF_with_ranking.py", line 394, in <module>
    main()
    ~~~~^^
  File "/home/junruz/BrainDiVE/run_image_generation_pRF_with_ranking.py", line 316, in main
    image = pipe("", sag_scale=0.75, guidance_scale=0.0, num_inference_steps=num_steps, generator=g, clip_guidance_scale=brain_guidance_scale)
  File "/home/junruz/.local/envs/env2025/lib/python3.13/site-packages/torch/utils/_contextlib.py", line 116, in decorate_context
    return func(*args, **kwargs)
  File "/home/junruz/BrainDiVE/brain_guide_pipeline.py", line 781, in __call__
    noise_pred, latents = self.cond_fn(
                          ~~~~~~~~~~~~^
        latents,
        ^^^^^^^^
    ...<4 lines>...
        clip_guidance_scale
        ^^^^^^^^^^^^^^^^^^^
    )
    ^
  File "/home/junruz/.local/envs/env2025/lib/python3.13/site-packages/torch/utils/_contextlib.py", line 116, in decorate_context
    return func(*args, **kwargs)
  File "/home/junruz/BrainDiVE/brain_guide_pipeline.py", line 508, in cond_fn
    loss = self.brain_tweak(normalized_image) * clip_guidance_scale
           ~~~~~~~~~~~~~~~~^^^^^^^^^^^^^^^^^^
  File "/home/junruz/BrainDiVE/run_image_generation_pRF_with_ranking.py", line 256, in single_voxel_objective
    image_features = image_features[args.layer_name].double().squeeze(0)
                     ~~~~~~~~~~~~~~^^^^^^^^^^^^^^^^^
KeyError: 'layer3'
