SLURM_JOBID:  380479
Couldn't connect to the Hub: 401 Client Error. (Request ID: Root=1-69ce9eef-319e7b5b4f004ab97e5fe2b6;ccb6633b-4cd4-4662-9ffe-996d69401683)

Repository Not Found for url: https://huggingface.co/api/models/stabilityai/stable-diffusion-2-1-base/revision/fp16.
Please make sure you specified the correct `repo_id` and `repo_type`.
If you are trying to access a private or gated repo, make sure you are authenticated. For more details, see https://huggingface.co/docs/huggingface_hub/authentication
Invalid username or password..
Will try to load from local cache.
Creating CLIP ResNet50
Created CLIP ResNet50 and moved to GPU, feature extractor created
Loading rois from: /lab_data/hendersonlab/datasets/nsd_preproc/rois/S1_voxel_roi_info.npy
Loaded 41 rois: ['V1v', 'V1d', 'V2v', 'V2d', 'V3v', 'V3d', 'hV4', 'VO1', 'VO2', 'PHC1', 'PHC2', 'TO2', 'TO1', 'LO2', 'LO1', 'V3B', 'V3A', 'IPS0', 'IPS1', 'IPS2', 'IPS3', 'IPS4', 'IPS5', 'SPL1', 'FEF', 'OFA', 'FFA-1', 'FFA-2', 'mTL-faces', 'aTL-faces', 'OPA', 'PPA', 'RSC', 'EBA', 'FBA-1', 'FBA-2', 'mTL-bodies', 'V1', 'V2', 'V3', 'FFA']
Loading pipeline components...:   0%|          | 0/5 [00:00<?, ?it/s]`torch_dtype` is deprecated! Use `dtype` instead!
Loading pipeline components...:  20%|██        | 1/5 [00:14<00:59, 14.82s/it]Loading pipeline components...:  40%|████      | 2/5 [00:15<00:18,  6.30s/it]An error occurred while trying to fetch /home/junruz/.cache/huggingface/hub/models--stabilityai--stable-diffusion-2-1-base/snapshots/1f758383196d38df1dfe523ddb1030f2bfab7741/vae: Error no file named diffusion_pytorch_model.safetensors found in directory /home/junruz/.cache/huggingface/hub/models--stabilityai--stable-diffusion-2-1-base/snapshots/1f758383196d38df1dfe523ddb1030f2bfab7741/vae.
Defaulting to unsafe serialization. Pass `allow_pickle=False` to raise an error instead.
Loading pipeline components...:  60%|██████    | 3/5 [00:19<00:10,  5.20s/it]Loading pipeline components...:  80%|████████  | 4/5 [00:19<00:03,  3.32s/it]An error occurred while trying to fetch /home/junruz/.cache/huggingface/hub/models--stabilityai--stable-diffusion-2-1-base/snapshots/1f758383196d38df1dfe523ddb1030f2bfab7741/unet: Error no file named diffusion_pytorch_model.safetensors found in directory /home/junruz/.cache/huggingface/hub/models--stabilityai--stable-diffusion-2-1-base/snapshots/1f758383196d38df1dfe523ddb1030f2bfab7741/unet.
Defaulting to unsafe serialization. Pass `allow_pickle=False` to raise an error instead.
Loading pipeline components...: 100%|██████████| 5/5 [00:36<00:00,  8.14s/it]Loading pipeline components...: 100%|██████████| 5/5 [00:36<00:00,  7.23s/it]
/home/junruz/BrainDiVE/brain_guide_pipeline.py:694: FutureWarning: Accessing config attribute `in_channels` directly via 'UNet2DConditionModel' object attribute is deprecated. Please access 'in_channels' over 'UNet2DConditionModel's config object instead, e.g. 'unet.config.in_channels'.
  num_channels_latents = self.unet.in_channels
/home/junruz/BrainDiVE/brain_guide_pipeline.py:823: FutureWarning: Accessing config attribute `attention_head_dim` directly via 'UNet2DConditionModel' object attribute is deprecated. Please access 'attention_head_dim' over 'UNet2DConditionModel's config object instead, e.g. 'unet.config.attention_head_dim'.
  h = self.unet.attention_head_dim
Starting S1 V1
Top 5 r2_voxels values for V1: [0.6588777  0.65762049 0.65322998 0.64591279 0.64488054 0.63581672
 0.63310916 0.62989933 0.62940468 0.62767628]
Corresponding indices: [ 286  157  214  644  840 1167  223  657 1083  645]
Starting 00001
Starting 00002
Starting 00003
Starting 00004
Starting 00005
Starting 00006
Starting 00007
Starting 00008
Starting 00009
Starting 00010
Starting 00011
Starting 00012
Starting 00013
Starting 00014
Starting 00015
Starting 00016
Starting 00017
Starting 00018
Starting 00019
Starting 00020
Starting 00021
Starting 00022
Starting 00023
Starting 00024
Starting 00025
Starting 00026
Starting 00027
Starting 00028
Starting 00029
Starting 00030
Starting 00031
Starting 00032
Starting 00033
Starting 00034
Starting 00035
Starting 00036
Starting 00037
Starting 00038
Starting 00039
Starting 00040
Starting 00041
Starting 00042
Starting 00043
Starting 00044
Starting 00045
Starting 00046
Starting 00047
Starting 00048
Starting 00049
Starting 00050
Starting 00051
Starting 00052
Starting 00053
Starting 00054
Starting 00055
Starting 00056
Starting 00057
Starting 00058
Starting 00059
Starting 00060
Starting 00061
Starting 00062
Starting 00063
Starting 00064
Starting 00065
Starting 00066
Starting 00067
Starting 00068
Starting 00069
Starting 00070
Starting 00071
Starting 00072
Starting 00073
Starting 00074
Starting 00075
Starting 00076
Starting 00077
Starting 00078
Starting 00079
Starting 00080
Starting 00081
Starting 00082
Starting 00083
Starting 00084
Starting 00085
Starting 00086
Starting 00087
Starting 00088
Starting 00089
Starting 00090
Starting 00091
Starting 00092
Starting 00093
Starting 00094
Starting 00095
Starting 00096
Starting 00097
Starting 00098
Starting 00099
Starting 00100
Starting 00101
Starting 00102
Starting 00103
Starting 00104
Starting 00105
Starting 00106
Starting 00107
Starting 00108
Starting 00109
Starting 00110
Starting 00111
Starting 00112
Starting 00113
Starting 00114
Starting 00115
Starting 00116
Starting 00117
Starting 00118
Starting 00119
Starting 00120
Starting 00121
Starting 00122
Starting 00123
Starting 00124
Starting 00125
Starting 00126
Starting 00127
Starting 00128
Starting 00129
Starting 00130
Starting 00131
Starting 00132
Starting 00133
Starting 00134
Starting 00135
Starting 00136
Starting 00137
Starting 00138
Starting 00139
Starting 00140
Starting 00141
Starting 00142
Starting 00143
Starting 00144
Starting 00145
Starting 00146
Starting 00147
Starting 00148
Starting 00149
Starting 00150
Starting 00151
Starting 00152
Starting 00153
Starting 00154
Starting 00155
Starting 00156
Starting 00157
Starting 00158
Starting 00159
Starting 00160
Starting 00161
Starting 00162
Starting 00163
Starting 00164
Starting 00165
Starting 00166
Starting 00167
Starting 00168
Starting 00169
Starting 00170
Starting 00171
Starting 00172
Starting 00173
Starting 00174
Starting 00175
Starting 00176
Starting 00177
Starting 00178
Starting 00179
Starting 00180
Starting 00181
Starting 00182
Starting 00183
Starting 00184
Starting 00185
Starting 00186
Starting 00187
Starting 00188
Starting 00189
Starting 00190
Starting 00191
Starting 00192
Starting 00193
Starting 00194
Starting 00195
Starting 00196
Starting 00197
Starting 00198
Starting 00199
Starting 00200
Voxel ranking complete for V1 voxel 286: best_seed=1474347341, best_score=57.982462, kept_top_n=10, saved=/user_data/junruz/BrainDiVE/pRF_no_zscore_ranked_k10_nseed200/S1_RN50_layer2/test_step100_scale30.0/V1/V1_top1_voxel286_ranking.json
Starting 00001
Starting 00002
Starting 00003
Starting 00004
Starting 00005
Starting 00006
Starting 00007
Starting 00008
Starting 00009
Starting 00010
Starting 00011
Starting 00012
Starting 00013
Starting 00014
Starting 00015
Starting 00016
Starting 00017
Starting 00018
Starting 00019
Starting 00020
Starting 00021
Starting 00022
Starting 00023
Starting 00024
Starting 00025
Starting 00026
Starting 00027
Starting 00028
Starting 00029
Starting 00030
Starting 00031
Starting 00032
Starting 00033
Starting 00034
Starting 00035
Starting 00036
Starting 00037
Starting 00038
Starting 00039
Starting 00040
Starting 00041
Starting 00042
Starting 00043
Starting 00044
Starting 00045
Starting 00046
Starting 00047
Starting 00048
Starting 00049
Starting 00050
Starting 00051
Starting 00052
Starting 00053
Starting 00054
Starting 00055
Starting 00056
Starting 00057
Starting 00058
Starting 00059
Starting 00060
Starting 00061
Starting 00062
Starting 00063
Starting 00064
Starting 00065
Starting 00066
Starting 00067
Starting 00068
Starting 00069
Starting 00070
Starting 00071
Starting 00072
Starting 00073
Starting 00074
Starting 00075
Starting 00076
Starting 00077
Starting 00078
Starting 00079
Starting 00080
Starting 00081
Starting 00082
Starting 00083
Starting 00084
Starting 00085
Starting 00086
Starting 00087
Starting 00088
Starting 00089
Starting 00090
Starting 00091
Starting 00092
Starting 00093
Starting 00094
Starting 00095
Starting 00096
Starting 00097
Starting 00098
Starting 00099
Starting 00100
Starting 00101
Starting 00102
Starting 00103
Starting 00104
Starting 00105
Starting 00106
Starting 00107
Starting 00108
Starting 00109
Starting 00110
Starting 00111
Starting 00112
Starting 00113
Starting 00114
Starting 00115
Starting 00116
Starting 00117
Starting 00118
Starting 00119
Starting 00120
Starting 00121
Starting 00122
Starting 00123
Starting 00124
Starting 00125
Starting 00126
Starting 00127
Starting 00128
Starting 00129
Starting 00130
Starting 00131
Starting 00132
Starting 00133
Starting 00134
Starting 00135
Starting 00136
Starting 00137
Starting 00138
Starting 00139
Starting 00140
Starting 00141
Starting 00142
Starting 00143
Starting 00144
Starting 00145
Starting 00146
Starting 00147
Starting 00148
Starting 00149
Starting 00150
Starting 00151
Starting 00152
Starting 00153
Starting 00154
Starting 00155
Starting 00156
Starting 00157
Starting 00158
Starting 00159
Starting 00160
Starting 00161
Starting 00162
Starting 00163
Starting 00164
Starting 00165
Starting 00166
Starting 00167
Starting 00168
Starting 00169
Starting 00170
Starting 00171
Starting 00172
Starting 00173
Starting 00174
Starting 00175
Starting 00176
Starting 00177
Starting 00178
Starting 00179
Starting 00180
Starting 00181
Starting 00182
Starting 00183
Starting 00184
Starting 00185
Starting 00186
Starting 00187
Starting 00188
Starting 00189
Starting 00190
Starting 00191
Starting 00192
Starting 00193
Starting 00194
Starting 00195
Starting 00196
Starting 00197
Starting 00198
Starting 00199
Starting 00200
Voxel ranking complete for V1 voxel 157: best_seed=2376239295, best_score=87.045299, kept_top_n=10, saved=/user_data/junruz/BrainDiVE/pRF_no_zscore_ranked_k10_nseed200/S1_RN50_layer2/test_step100_scale30.0/V1/V1_top2_voxel157_ranking.json
Starting 00001
Starting 00002
Starting 00003
Starting 00004
Starting 00005
Starting 00006
Starting 00007
Starting 00008
Starting 00009
Starting 00010
Starting 00011
Starting 00012
Starting 00013
Starting 00014
Starting 00015
Starting 00016
Starting 00017
Starting 00018
Starting 00019
Starting 00020
Starting 00021
Starting 00022
Starting 00023
Starting 00024
Starting 00025
Starting 00026
Starting 00027
Starting 00028
Starting 00029
Starting 00030
Starting 00031
Starting 00032
Starting 00033
Starting 00034
Starting 00035
Starting 00036
Starting 00037
Starting 00038
Starting 00039
Starting 00040
Starting 00041
Starting 00042
Starting 00043
Starting 00044
Starting 00045
Starting 00046
Starting 00047
Starting 00048
Starting 00049
Starting 00050
Starting 00051
Starting 00052
Starting 00053
Starting 00054
Starting 00055
Starting 00056
Starting 00057
Starting 00058
Starting 00059
Starting 00060
Starting 00061
Starting 00062
Starting 00063
Starting 00064
Starting 00065
Starting 00066
Starting 00067
Starting 00068
Starting 00069
Starting 00070
Starting 00071
Starting 00072
Starting 00073
Starting 00074
Starting 00075
Starting 00076
Starting 00077
Starting 00078
Starting 00079
Starting 00080
Starting 00081
Starting 00082
Starting 00083
Starting 00084
Starting 00085
Starting 00086
Starting 00087
Starting 00088
Starting 00089
Starting 00090
Starting 00091
Starting 00092
Starting 00093
Starting 00094
Starting 00095
Starting 00096
Starting 00097
Starting 00098
Starting 00099
Starting 00100
Starting 00101
Starting 00102
Starting 00103
Starting 00104
Starting 00105
Starting 00106
Starting 00107
Starting 00108
Starting 00109
Starting 00110
Starting 00111
Starting 00112
Starting 00113
Starting 00114
Starting 00115
Starting 00116
Starting 00117
Starting 00118
Starting 00119
Starting 00120
Starting 00121
Starting 00122
Starting 00123
Starting 00124
Starting 00125
Starting 00126
Starting 00127
Starting 00128
Starting 00129
Starting 00130
Starting 00131
Starting 00132
Starting 00133
Starting 00134
Starting 00135
Starting 00136
Starting 00137
Starting 00138
Starting 00139
Starting 00140
Starting 00141
Starting 00142
Starting 00143
Starting 00144
Starting 00145
Starting 00146
Starting 00147
Starting 00148
Starting 00149
Starting 00150
Starting 00151
Starting 00152
Starting 00153
Starting 00154
Starting 00155
Starting 00156
Starting 00157
Starting 00158
Starting 00159
Starting 00160
Starting 00161
Starting 00162
Starting 00163
Starting 00164
Starting 00165
Starting 00166
Starting 00167
Starting 00168
Starting 00169
Starting 00170
Starting 00171
Starting 00172
Starting 00173
Starting 00174
Starting 00175
Starting 00176
Starting 00177
Starting 00178
Starting 00179
Starting 00180
Starting 00181
Starting 00182
Starting 00183
Starting 00184
Starting 00185
Starting 00186
Starting 00187
Starting 00188
Starting 00189
Starting 00190
Starting 00191
Starting 00192
Starting 00193
Starting 00194
Starting 00195
Starting 00196
Starting 00197
Starting 00198
Starting 00199
Starting 00200
Voxel ranking complete for V1 voxel 214: best_seed=1626762744, best_score=38.828435, kept_top_n=10, saved=/user_data/junruz/BrainDiVE/pRF_no_zscore_ranked_k10_nseed200/S1_RN50_layer2/test_step100_scale30.0/V1/V1_top3_voxel214_ranking.json
Starting 00001
Starting 00002
Starting 00003
Starting 00004
Starting 00005
Starting 00006
Starting 00007
Starting 00008
Starting 00009
Starting 00010
Starting 00011
Starting 00012
Starting 00013
Starting 00014
Starting 00015
Starting 00016
Starting 00017
Starting 00018
Starting 00019
Starting 00020
Starting 00021
Starting 00022
Starting 00023
Starting 00024
Starting 00025
Starting 00026
Starting 00027
Starting 00028
Starting 00029
Starting 00030
Starting 00031
Starting 00032
Starting 00033
Starting 00034
Starting 00035
Starting 00036
Starting 00037
Starting 00038
Starting 00039
Starting 00040
Starting 00041
Starting 00042
Starting 00043
Starting 00044
Starting 00045
Starting 00046
Starting 00047
Starting 00048
Starting 00049
Starting 00050
Starting 00051
Starting 00052
Starting 00053
Starting 00054
Starting 00055
Starting 00056
Starting 00057
Starting 00058
Starting 00059
Starting 00060
Starting 00061
Starting 00062
Starting 00063
Starting 00064
Starting 00065
Starting 00066
Starting 00067
Starting 00068
Starting 00069
Starting 00070
Starting 00071
Starting 00072
Starting 00073
Starting 00074
Starting 00075
Starting 00076
Starting 00077
Starting 00078
Starting 00079
Starting 00080
Starting 00081
Starting 00082
Starting 00083
Starting 00084
Starting 00085
Starting 00086
Starting 00087
Starting 00088
Starting 00089
Starting 00090
Starting 00091
Starting 00092
Starting 00093
Starting 00094
Starting 00095
Starting 00096
Starting 00097
Starting 00098
Starting 00099
Starting 00100
Starting 00101
Starting 00102
Starting 00103
Starting 00104
Starting 00105
Starting 00106
Starting 00107
Starting 00108
Starting 00109
Starting 00110
Starting 00111
Starting 00112
Starting 00113
Starting 00114
Starting 00115
Starting 00116
Starting 00117
Starting 00118
Starting 00119
Starting 00120
Starting 00121
Starting 00122
Starting 00123
Starting 00124
Starting 00125
Starting 00126
Starting 00127
Starting 00128
Starting 00129
Starting 00130
Starting 00131
Starting 00132
Starting 00133
Starting 00134
Starting 00135
Starting 00136
Starting 00137
Starting 00138
Starting 00139
Starting 00140
Starting 00141
Starting 00142
Starting 00143
Starting 00144
Starting 00145
Starting 00146
Starting 00147
Starting 00148
Starting 00149
Starting 00150
Starting 00151
Starting 00152
Starting 00153
Starting 00154
Starting 00155
Starting 00156
Starting 00157
Starting 00158
Starting 00159
Starting 00160
Starting 00161
Starting 00162
Starting 00163
Starting 00164
Starting 00165
Starting 00166
Starting 00167
Starting 00168
Starting 00169
Starting 00170
Starting 00171
Starting 00172
Starting 00173
Starting 00174
Starting 00175
Starting 00176
Starting 00177
Starting 00178
Starting 00179
Starting 00180
Starting 00181
Starting 00182
Starting 00183
Starting 00184
Starting 00185
Starting 00186
Starting 00187
Starting 00188
Starting 00189
Starting 00190
Starting 00191
Starting 00192
Starting 00193
Starting 00194
Starting 00195
Starting 00196
Starting 00197
Starting 00198
Starting 00199
Starting 00200
Voxel ranking complete for V1 voxel 644: best_seed=1531423443, best_score=1.955778, kept_top_n=10, saved=/user_data/junruz/BrainDiVE/pRF_no_zscore_ranked_k10_nseed200/S1_RN50_layer2/test_step100_scale30.0/V1/V1_top4_voxel644_ranking.json
Starting 00001
Starting 00002
Starting 00003
Starting 00004
Starting 00005
Starting 00006
Starting 00007
Starting 00008
Starting 00009
Starting 00010
Starting 00011
Starting 00012
Starting 00013
Starting 00014
Starting 00015
Starting 00016
Starting 00017
Starting 00018
Starting 00019
Starting 00020
Starting 00021
Starting 00022
Starting 00023
Starting 00024
Starting 00025
Starting 00026
Starting 00027
Starting 00028
Starting 00029
Starting 00030
Starting 00031
Starting 00032
Starting 00033
Starting 00034
Starting 00035
Starting 00036
Starting 00037
Starting 00038
Starting 00039
Starting 00040
Starting 00041
Starting 00042
Starting 00043
Starting 00044
Starting 00045
Starting 00046
Starting 00047
Starting 00048
Starting 00049
Starting 00050
Starting 00051
Starting 00052
Starting 00053
Starting 00054
Starting 00055
Starting 00056
Starting 00057
Starting 00058
Starting 00059
Starting 00060
Starting 00061
Starting 00062
Starting 00063
Starting 00064
Starting 00065
Starting 00066
Starting 00067
Starting 00068
Starting 00069
Starting 00070
Starting 00071
Starting 00072
Starting 00073
Starting 00074
Starting 00075
Starting 00076
Starting 00077
Starting 00078
Starting 00079
Starting 00080
Starting 00081
Starting 00082
Starting 00083
Starting 00084
Starting 00085
Starting 00086
Starting 00087
Starting 00088
Starting 00089
Starting 00090
Starting 00091
Starting 00092
Starting 00093
Starting 00094
Starting 00095
Starting 00096
Starting 00097
Starting 00098
Starting 00099
Starting 00100
Starting 00101
Starting 00102
Starting 00103
Starting 00104
Starting 00105
Starting 00106
Starting 00107
Starting 00108
Starting 00109
Starting 00110
Starting 00111
Starting 00112
Starting 00113
Starting 00114
Starting 00115
Starting 00116
Starting 00117
Starting 00118
Starting 00119
Starting 00120
Starting 00121
Starting 00122
Starting 00123
Starting 00124
Starting 00125
Starting 00126
Starting 00127
Starting 00128
Starting 00129
Starting 00130
Starting 00131
Starting 00132
Starting 00133
Starting 00134
Starting 00135
Starting 00136
Starting 00137
Starting 00138
Starting 00139
Starting 00140
Starting 00141
Starting 00142
Starting 00143
Starting 00144
Starting 00145
Starting 00146
Starting 00147
Starting 00148
Starting 00149
Starting 00150
Starting 00151
Starting 00152
Starting 00153
Starting 00154
Starting 00155
Starting 00156
Starting 00157
Starting 00158
Starting 00159
Starting 00160
Starting 00161
Starting 00162
Starting 00163
Starting 00164
Starting 00165
Starting 00166
Starting 00167
Starting 00168
Starting 00169
Starting 00170
Starting 00171
Starting 00172
Starting 00173
Starting 00174
Starting 00175
Starting 00176
Starting 00177
Starting 00178
Starting 00179
Starting 00180
Starting 00181
Starting 00182
Starting 00183
Starting 00184
Starting 00185
Starting 00186
Starting 00187
Starting 00188
Starting 00189
Starting 00190
Starting 00191
Starting 00192
Starting 00193
Starting 00194
Starting 00195
Starting 00196
Starting 00197
Starting 00198
Starting 00199
Starting 00200
Voxel ranking complete for V1 voxel 840: best_seed=78595466, best_score=156.471002, kept_top_n=10, saved=/user_data/junruz/BrainDiVE/pRF_no_zscore_ranked_k10_nseed200/S1_RN50_layer2/test_step100_scale30.0/V1/V1_top5_voxel840_ranking.json
Starting 00001
Starting 00002
Starting 00003
Starting 00004
Starting 00005
Starting 00006
Starting 00007
Starting 00008
Starting 00009
Starting 00010
Starting 00011
Starting 00012
Starting 00013
Starting 00014
Starting 00015
Starting 00016
Starting 00017
Starting 00018
Starting 00019
Starting 00020
Starting 00021
Starting 00022
Starting 00023
Starting 00024
Starting 00025
Starting 00026
Starting 00027
Starting 00028
Starting 00029
Starting 00030
Starting 00031
Starting 00032
Starting 00033
Starting 00034
Starting 00035
Starting 00036
Starting 00037
Starting 00038
Starting 00039
Starting 00040
Starting 00041
Starting 00042
Starting 00043
Starting 00044
Starting 00045
Starting 00046
Starting 00047
Starting 00048
Starting 00049
Starting 00050
Starting 00051
Starting 00052
Starting 00053
Starting 00054
Starting 00055
Starting 00056
Starting 00057
Starting 00058
Starting 00059
Starting 00060
Starting 00061
Starting 00062
Starting 00063
Starting 00064
Starting 00065
Starting 00066
Starting 00067
Starting 00068
Starting 00069
Starting 00070
Starting 00071
Starting 00072
Starting 00073
Starting 00074
Starting 00075
Starting 00076
Starting 00077
Starting 00078
Starting 00079
Starting 00080
Starting 00081
Starting 00082
Starting 00083
Starting 00084
Starting 00085
Starting 00086
Starting 00087
Starting 00088
Starting 00089
Starting 00090
Starting 00091
Starting 00092
Starting 00093
Starting 00094
Starting 00095
Starting 00096
Starting 00097
Starting 00098
Starting 00099
Starting 00100
Starting 00101
Starting 00102
Starting 00103
Starting 00104
Starting 00105
Starting 00106
Starting 00107
Starting 00108
Starting 00109
Starting 00110
Starting 00111
Starting 00112
Starting 00113
Starting 00114
Starting 00115
Starting 00116
Starting 00117
Starting 00118
Starting 00119
Starting 00120
Starting 00121
Starting 00122
Starting 00123
Starting 00124
Starting 00125
Starting 00126
Starting 00127
Starting 00128
Starting 00129
Starting 00130
Starting 00131
Starting 00132
Starting 00133
Starting 00134
Starting 00135
Starting 00136
Starting 00137
Starting 00138
Starting 00139
Starting 00140
Starting 00141
Starting 00142
Starting 00143
Starting 00144
Starting 00145
Starting 00146
Starting 00147
Starting 00148
Starting 00149
Starting 00150
Starting 00151
Starting 00152
Starting 00153
Starting 00154
Starting 00155
Starting 00156
Starting 00157
Starting 00158
Starting 00159
Starting 00160
Starting 00161
Starting 00162
Starting 00163
Starting 00164
Starting 00165
Starting 00166
Starting 00167
Starting 00168
Starting 00169
Starting 00170
Starting 00171
Starting 00172
Starting 00173
Starting 00174
Starting 00175
Starting 00176
Starting 00177
Starting 00178
Starting 00179
Starting 00180
Starting 00181
Starting 00182
Starting 00183
Starting 00184
Starting 00185
Starting 00186
Starting 00187
Starting 00188
Starting 00189
Starting 00190
Starting 00191
Starting 00192
Starting 00193
Starting 00194
Starting 00195
Starting 00196
Starting 00197
Starting 00198
Starting 00199
Starting 00200
Voxel ranking complete for V1 voxel 1167: best_seed=1573506678, best_score=15.785253, kept_top_n=10, saved=/user_data/junruz/BrainDiVE/pRF_no_zscore_ranked_k10_nseed200/S1_RN50_layer2/test_step100_scale30.0/V1/V1_top6_voxel1167_ranking.json
Starting 00001
Starting 00002
Starting 00003
Starting 00004
Starting 00005
Starting 00006
Starting 00007
Starting 00008
Starting 00009
Starting 00010
Starting 00011
Starting 00012
Starting 00013
Starting 00014
Starting 00015
Starting 00016
Starting 00017
Starting 00018
Starting 00019
Starting 00020
Starting 00021
Starting 00022
Starting 00023
Starting 00024
Starting 00025
Starting 00026
Starting 00027
Starting 00028
Starting 00029
Starting 00030
Starting 00031
Starting 00032
Starting 00033
Starting 00034
Starting 00035
Starting 00036
Starting 00037
Starting 00038
Starting 00039
Starting 00040
Starting 00041
Starting 00042
Starting 00043
Starting 00044
Starting 00045
Starting 00046
Starting 00047
Starting 00048
Starting 00049
Starting 00050
Starting 00051
Starting 00052
Starting 00053
Starting 00054
Starting 00055
Starting 00056
Starting 00057
Starting 00058
Starting 00059
Starting 00060
Starting 00061
Starting 00062
Starting 00063
Starting 00064
Starting 00065
Starting 00066
Starting 00067
Starting 00068
Starting 00069
Starting 00070
Starting 00071
Starting 00072
Starting 00073
Starting 00074
Starting 00075
Starting 00076
Starting 00077
Starting 00078
Starting 00079
Starting 00080
Starting 00081
Starting 00082
Starting 00083
Starting 00084
Starting 00085
Starting 00086
Starting 00087
Starting 00088
Starting 00089
Starting 00090
Starting 00091
Starting 00092
Starting 00093
Starting 00094
Starting 00095
Starting 00096
Starting 00097
Starting 00098
Starting 00099
Starting 00100
Starting 00101
Starting 00102
Starting 00103
Starting 00104
Starting 00105
Starting 00106
Starting 00107
Starting 00108
Starting 00109
Starting 00110
Starting 00111
Starting 00112
Starting 00113
Starting 00114
Starting 00115
Starting 00116
Starting 00117
Starting 00118
Starting 00119
Starting 00120
Starting 00121
Starting 00122
Starting 00123
Starting 00124
Starting 00125
Starting 00126
Starting 00127
Starting 00128
Starting 00129
Starting 00130
Starting 00131
Starting 00132
Starting 00133
Starting 00134
Starting 00135
Starting 00136
Starting 00137
Starting 00138
Starting 00139
Starting 00140
Starting 00141
Starting 00142
Starting 00143
Starting 00144
Starting 00145
Starting 00146
Starting 00147
Starting 00148
Starting 00149
Starting 00150
Starting 00151
Starting 00152
Starting 00153
Starting 00154
Starting 00155
Starting 00156
Starting 00157
Starting 00158
Starting 00159
Starting 00160
Starting 00161
Starting 00162
Starting 00163
Starting 00164
Starting 00165
Starting 00166
Starting 00167
Starting 00168
Starting 00169
Starting 00170
Starting 00171
Starting 00172
Starting 00173
Starting 00174
Starting 00175
Starting 00176
Starting 00177
Starting 00178
Starting 00179
Starting 00180
Starting 00181
Starting 00182
Starting 00183
Starting 00184
Starting 00185
Starting 00186
Starting 00187
Starting 00188
Starting 00189
Starting 00190
Starting 00191
Starting 00192
Starting 00193
Starting 00194
Starting 00195
Starting 00196
Starting 00197
Starting 00198
Starting 00199
Starting 00200
Voxel ranking complete for V1 voxel 223: best_seed=1182254770, best_score=94.776826, kept_top_n=10, saved=/user_data/junruz/BrainDiVE/pRF_no_zscore_ranked_k10_nseed200/S1_RN50_layer2/test_step100_scale30.0/V1/V1_top7_voxel223_ranking.json
Starting 00001
Starting 00002
Starting 00003
Starting 00004
Starting 00005
Starting 00006
Starting 00007
Starting 00008
Starting 00009
Starting 00010
Starting 00011
Starting 00012
Starting 00013
Starting 00014
Starting 00015
Starting 00016
Starting 00017
Starting 00018
Starting 00019
Starting 00020
Starting 00021
Starting 00022
Starting 00023
Starting 00024
Starting 00025
Starting 00026
Starting 00027
Starting 00028
Starting 00029
Starting 00030
Starting 00031
Starting 00032
Starting 00033
Starting 00034
Starting 00035
Starting 00036
Starting 00037
Starting 00038
Starting 00039
Starting 00040
Starting 00041
Starting 00042
Starting 00043
Starting 00044
Starting 00045
Starting 00046
Starting 00047
Starting 00048
Starting 00049
Starting 00050
Starting 00051
Starting 00052
Starting 00053
Starting 00054
Starting 00055
Starting 00056
Starting 00057
Starting 00058
Starting 00059
Starting 00060
Starting 00061
Starting 00062
Starting 00063
Starting 00064
Starting 00065
Starting 00066
Starting 00067
Starting 00068
Starting 00069
Starting 00070
Starting 00071
Starting 00072
Starting 00073
Starting 00074
Starting 00075
Starting 00076
Starting 00077
Starting 00078
Starting 00079
Starting 00080
Starting 00081
Starting 00082
Starting 00083
Starting 00084
Starting 00085
Starting 00086
Starting 00087
Starting 00088
Starting 00089
Starting 00090
Starting 00091
Starting 00092
Starting 00093
Starting 00094
Starting 00095
Starting 00096
Starting 00097
Starting 00098
Starting 00099
Starting 00100
Starting 00101
Starting 00102
Starting 00103
Starting 00104
Starting 00105
Starting 00106
Starting 00107
Starting 00108
Starting 00109
Starting 00110
Starting 00111
Starting 00112
Starting 00113
Starting 00114
Starting 00115
Starting 00116
Starting 00117
Starting 00118
Starting 00119
Starting 00120
Starting 00121
Starting 00122
Starting 00123
Starting 00124
Starting 00125
Starting 00126
Starting 00127
Starting 00128
Starting 00129
Starting 00130
Starting 00131
Starting 00132
Starting 00133
Starting 00134
Starting 00135
Starting 00136
Starting 00137
Starting 00138
Starting 00139
Starting 00140
Starting 00141
Starting 00142
Starting 00143
Starting 00144
Starting 00145
Starting 00146
Starting 00147
Starting 00148
Starting 00149
Starting 00150
Starting 00151
Starting 00152
Starting 00153
Starting 00154
Starting 00155
Starting 00156
Starting 00157
Starting 00158
Starting 00159
Starting 00160
Starting 00161
Starting 00162
Starting 00163
Starting 00164
Starting 00165
Starting 00166
Starting 00167
Starting 00168
Starting 00169
Starting 00170
Starting 00171
Starting 00172
Starting 00173
Starting 00174
Starting 00175
Starting 00176
Starting 00177
Starting 00178
Starting 00179
Starting 00180
Starting 00181
Starting 00182
Starting 00183
Starting 00184
Starting 00185
Starting 00186
Starting 00187
Starting 00188
Starting 00189
Starting 00190
Starting 00191
Starting 00192
Starting 00193
Starting 00194
Starting 00195
Starting 00196
Starting 00197
Starting 00198
Starting 00199
Starting 00200
Voxel ranking complete for V1 voxel 657: best_seed=3095918104, best_score=22.526992, kept_top_n=10, saved=/user_data/junruz/BrainDiVE/pRF_no_zscore_ranked_k10_nseed200/S1_RN50_layer2/test_step100_scale30.0/V1/V1_top8_voxel657_ranking.json
Starting 00001
Starting 00002
Starting 00003
Starting 00004
Starting 00005
Starting 00006
Starting 00007
Starting 00008
Starting 00009
Starting 00010
Starting 00011
Starting 00012
Starting 00013
Starting 00014
Starting 00015
Starting 00016
Starting 00017
Starting 00018
Starting 00019
Starting 00020
Starting 00021
Starting 00022
Starting 00023
Starting 00024
Starting 00025
Starting 00026
Starting 00027
Starting 00028
Starting 00029
Starting 00030
Starting 00031
Starting 00032
Starting 00033
Starting 00034
Starting 00035
Starting 00036
Starting 00037
Starting 00038
Starting 00039
Starting 00040
Starting 00041
Starting 00042
Starting 00043
Starting 00044
Starting 00045
Starting 00046
Starting 00047
Starting 00048
Starting 00049
Starting 00050
Starting 00051
Starting 00052
Starting 00053
Starting 00054
Starting 00055
Starting 00056
Starting 00057
Starting 00058
Starting 00059
Starting 00060
Starting 00061
Starting 00062
Starting 00063
Starting 00064
Starting 00065
Starting 00066
Starting 00067
Starting 00068
Starting 00069
Starting 00070
Starting 00071
Starting 00072
Starting 00073
Starting 00074
Starting 00075
Starting 00076
Starting 00077
Starting 00078
Starting 00079
Starting 00080
Starting 00081
Starting 00082
Starting 00083
Starting 00084
Starting 00085
Starting 00086
Starting 00087
Starting 00088
Starting 00089
Starting 00090
Starting 00091
Starting 00092
Starting 00093
Starting 00094
Starting 00095
Starting 00096
Starting 00097
Starting 00098
Starting 00099
Starting 00100
Starting 00101
Starting 00102
Starting 00103
Starting 00104
Starting 00105
Starting 00106
Starting 00107
Starting 00108
Starting 00109
Starting 00110
Starting 00111
Starting 00112
Starting 00113
Starting 00114
Starting 00115
Starting 00116
Starting 00117
Starting 00118
Starting 00119
Starting 00120
Starting 00121
Starting 00122
Starting 00123
Starting 00124
Starting 00125
Starting 00126
Starting 00127
Starting 00128
Starting 00129
Starting 00130
Starting 00131
Starting 00132
Starting 00133
Starting 00134
Starting 00135
Starting 00136
Starting 00137
Starting 00138
Starting 00139
Starting 00140
Starting 00141
Starting 00142
Starting 00143
Starting 00144
Starting 00145
Starting 00146
Starting 00147
Starting 00148
Starting 00149
Starting 00150
Starting 00151
Starting 00152
Starting 00153
Starting 00154
Starting 00155
Starting 00156
Starting 00157
Starting 00158
Starting 00159
Starting 00160
Starting 00161
Starting 00162
Starting 00163
Starting 00164
Starting 00165
Starting 00166
Starting 00167
Starting 00168
Starting 00169
Starting 00170
Starting 00171
Starting 00172
Starting 00173
Starting 00174
Starting 00175
Starting 00176
Starting 00177
Starting 00178
Starting 00179
Starting 00180
Starting 00181
Starting 00182
Starting 00183
Starting 00184
Starting 00185
Starting 00186
Starting 00187
Starting 00188
Starting 00189
Starting 00190
Starting 00191
Starting 00192
Starting 00193
Starting 00194
Starting 00195
Starting 00196
Starting 00197
Starting 00198
Starting 00199
Starting 00200
Voxel ranking complete for V1 voxel 1083: best_seed=3758920891, best_score=9.983859, kept_top_n=10, saved=/user_data/junruz/BrainDiVE/pRF_no_zscore_ranked_k10_nseed200/S1_RN50_layer2/test_step100_scale30.0/V1/V1_top9_voxel1083_ranking.json
Starting 00001
Starting 00002
Starting 00003
Starting 00004
Starting 00005
Starting 00006
Starting 00007
Starting 00008
Starting 00009
Starting 00010
Starting 00011
Starting 00012
Starting 00013
Starting 00014
Starting 00015
Starting 00016
Starting 00017
Starting 00018
Starting 00019
Starting 00020
Starting 00021
Starting 00022
Starting 00023
Starting 00024
Starting 00025
Starting 00026
Starting 00027
Starting 00028
Starting 00029
Starting 00030
Starting 00031
Starting 00032
Starting 00033
Starting 00034
Starting 00035
Starting 00036
Starting 00037
Starting 00038
Starting 00039
Starting 00040
Starting 00041
Starting 00042
Starting 00043
Starting 00044
Starting 00045
Starting 00046
Starting 00047
Starting 00048
Starting 00049
Starting 00050
Starting 00051
Starting 00052
Starting 00053
Starting 00054
Starting 00055
Starting 00056
Starting 00057
Starting 00058
Starting 00059
Starting 00060
Starting 00061
Starting 00062
Starting 00063
Starting 00064
Starting 00065
Starting 00066
Starting 00067
Starting 00068
Starting 00069
Starting 00070
Starting 00071
Starting 00072
Starting 00073
Starting 00074
Starting 00075
Starting 00076
Starting 00077
Starting 00078
Starting 00079
Starting 00080
Starting 00081
Starting 00082
Starting 00083
Starting 00084
Starting 00085
Starting 00086
Starting 00087
Starting 00088
Starting 00089
Starting 00090
Starting 00091
Starting 00092
Starting 00093
Starting 00094
Starting 00095
Starting 00096
Starting 00097
Starting 00098
Starting 00099
Starting 00100
Starting 00101
Starting 00102
Starting 00103
Starting 00104
Starting 00105
Starting 00106
Starting 00107
Starting 00108
Starting 00109
Starting 00110
Starting 00111
Starting 00112
Starting 00113
Starting 00114
Starting 00115
Starting 00116
Starting 00117
Starting 00118
Starting 00119
Starting 00120
Starting 00121
Starting 00122
Starting 00123
Starting 00124
Starting 00125
Starting 00126
Starting 00127
Starting 00128
Starting 00129
Starting 00130
Starting 00131
Starting 00132
Starting 00133
Starting 00134
Starting 00135
Starting 00136
Starting 00137
Starting 00138
Starting 00139
Starting 00140
Starting 00141
Starting 00142
Starting 00143
Starting 00144
Starting 00145
Starting 00146
Starting 00147
Starting 00148
Starting 00149
Starting 00150
Starting 00151
Starting 00152
Starting 00153
Starting 00154
Starting 00155
Starting 00156
Starting 00157
Starting 00158
Starting 00159
Starting 00160
Starting 00161
Starting 00162
Starting 00163
Starting 00164
Starting 00165
Starting 00166
Starting 00167
Starting 00168
Starting 00169
Starting 00170
Starting 00171
Starting 00172
Starting 00173
Starting 00174
Starting 00175
Starting 00176
Starting 00177
Starting 00178
Starting 00179
Starting 00180
Starting 00181
Starting 00182
Starting 00183
Starting 00184
Starting 00185
Starting 00186
Starting 00187
Starting 00188
Starting 00189
Starting 00190
Starting 00191
Starting 00192
Starting 00193
Starting 00194
Starting 00195
Starting 00196
Starting 00197
Starting 00198
Starting 00199
Starting 00200
Voxel ranking complete for V1 voxel 645: best_seed=2230589805, best_score=4.852343, kept_top_n=10, saved=/user_data/junruz/BrainDiVE/pRF_no_zscore_ranked_k10_nseed200/S1_RN50_layer2/test_step100_scale30.0/V1/V1_top10_voxel645_ranking.json
