SLURM_JOBID:  379002
Couldn't connect to the Hub: 401 Client Error. (Request ID: Root=1-69cc1723-6b7f68fa3f2aa9ca72f1194a;19c7339d-c0b4-4d89-a19f-40d22b8e94e7)

Repository Not Found for url: https://huggingface.co/api/models/stabilityai/stable-diffusion-2-1-base/revision/fp16.
Please make sure you specified the correct `repo_id` and `repo_type`.
If you are trying to access a private or gated repo, make sure you are authenticated. For more details, see https://huggingface.co/docs/huggingface_hub/authentication
Invalid username or password..
Will try to load from local cache.
Creating CLIP ResNet50
Created CLIP ResNet50 and moved to GPU, feature extractor created
Loading rois from: /lab_data/hendersonlab/datasets/nsd_preproc/rois/S1_voxel_roi_info.npy
Loaded 41 rois: ['V1v', 'V1d', 'V2v', 'V2d', 'V3v', 'V3d', 'hV4', 'VO1', 'VO2', 'PHC1', 'PHC2', 'TO2', 'TO1', 'LO2', 'LO1', 'V3B', 'V3A', 'IPS0', 'IPS1', 'IPS2', 'IPS3', 'IPS4', 'IPS5', 'SPL1', 'FEF', 'OFA', 'FFA-1', 'FFA-2', 'mTL-faces', 'aTL-faces', 'OPA', 'PPA', 'RSC', 'EBA', 'FBA-1', 'FBA-2', 'mTL-bodies', 'V1', 'V2', 'V3', 'FFA']
Loading pipeline components...:   0%|          | 0/5 [00:00<?, ?it/s]An error occurred while trying to fetch /home/junruz/.cache/huggingface/hub/models--stabilityai--stable-diffusion-2-1-base/snapshots/1f758383196d38df1dfe523ddb1030f2bfab7741/unet: Error no file named diffusion_pytorch_model.safetensors found in directory /home/junruz/.cache/huggingface/hub/models--stabilityai--stable-diffusion-2-1-base/snapshots/1f758383196d38df1dfe523ddb1030f2bfab7741/unet.
Defaulting to unsafe serialization. Pass `allow_pickle=False` to raise an error instead.
Loading pipeline components...:  20%|██        | 1/5 [00:00<00:02,  1.71it/s]Loading pipeline components...:  60%|██████    | 3/5 [00:01<00:00,  2.66it/s]An error occurred while trying to fetch /home/junruz/.cache/huggingface/hub/models--stabilityai--stable-diffusion-2-1-base/snapshots/1f758383196d38df1dfe523ddb1030f2bfab7741/vae: Error no file named diffusion_pytorch_model.safetensors found in directory /home/junruz/.cache/huggingface/hub/models--stabilityai--stable-diffusion-2-1-base/snapshots/1f758383196d38df1dfe523ddb1030f2bfab7741/vae.
Defaulting to unsafe serialization. Pass `allow_pickle=False` to raise an error instead.
Loading pipeline components...:  80%|████████  | 4/5 [00:01<00:00,  3.44it/s]`torch_dtype` is deprecated! Use `dtype` instead!
Loading pipeline components...: 100%|██████████| 5/5 [00:01<00:00,  2.75it/s]Loading pipeline components...: 100%|██████████| 5/5 [00:01<00:00,  2.73it/s]
/home/junruz/BrainDiVE/brain_guide_pipeline.py:694: FutureWarning: Accessing config attribute `in_channels` directly via 'UNet2DConditionModel' object attribute is deprecated. Please access 'in_channels' over 'UNet2DConditionModel's config object instead, e.g. 'unet.config.in_channels'.
  num_channels_latents = self.unet.in_channels
/home/junruz/BrainDiVE/brain_guide_pipeline.py:823: FutureWarning: Accessing config attribute `attention_head_dim` directly via 'UNet2DConditionModel' object attribute is deprecated. Please access 'attention_head_dim' over 'UNet2DConditionModel's config object instead, e.g. 'unet.config.attention_head_dim'.
  h = self.unet.attention_head_dim
/home/junruz/.local/envs/env2025/lib/python3.13/site-packages/diffusers/utils/pil_utils.py:43: RuntimeWarning: invalid value encountered in cast
  images = (images * 255).round().astype("uint8")
slurmstepd: error: *** JOB 379002 ON mind-1-15 CANCELLED AT 2026-03-31T14:52:06 ***
