SLURM_JOBID:  378763
Couldn't connect to the Hub: 401 Client Error. (Request ID: Root=1-69cb225f-4df6215d5c7f63da522423a4;a5f5d478-be65-415d-abec-f4702a79faba)

Repository Not Found for url: https://huggingface.co/api/models/stabilityai/stable-diffusion-2-1-base/revision/fp16.
Please make sure you specified the correct `repo_id` and `repo_type`.
If you are trying to access a private or gated repo, make sure you are authenticated. For more details, see https://huggingface.co/docs/huggingface_hub/authentication
Invalid username or password..
Will try to load from local cache.
Creating CLIP ResNet50
Created CLIP ResNet50 and moved to GPU, feature extractor created
Loading rois from: /lab_data/hendersonlab/datasets/nsd_preproc/rois/S1_voxel_roi_info.npy
Loaded 41 rois: ['V1v', 'V1d', 'V2v', 'V2d', 'V3v', 'V3d', 'hV4', 'VO1', 'VO2', 'PHC1', 'PHC2', 'TO2', 'TO1', 'LO2', 'LO1', 'V3B', 'V3A', 'IPS0', 'IPS1', 'IPS2', 'IPS3', 'IPS4', 'IPS5', 'SPL1', 'FEF', 'OFA', 'FFA-1', 'FFA-2', 'mTL-faces', 'aTL-faces', 'OPA', 'PPA', 'RSC', 'EBA', 'FBA-1', 'FBA-2', 'mTL-bodies', 'V1', 'V2', 'V3', 'FFA']
Loading pipeline components...:   0%|          | 0/5 [00:00<?, ?it/s]`torch_dtype` is deprecated! Use `dtype` instead!
Loading pipeline components...:  20%|██        | 1/5 [00:00<00:01,  2.06it/s]An error occurred while trying to fetch /home/junruz/.cache/huggingface/hub/models--stabilityai--stable-diffusion-2-1-base/snapshots/1f758383196d38df1dfe523ddb1030f2bfab7741/unet: Error no file named diffusion_pytorch_model.safetensors found in directory /home/junruz/.cache/huggingface/hub/models--stabilityai--stable-diffusion-2-1-base/snapshots/1f758383196d38df1dfe523ddb1030f2bfab7741/unet.
Defaulting to unsafe serialization. Pass `allow_pickle=False` to raise an error instead.
Loading pipeline components...:  40%|████      | 2/5 [00:00<00:00,  3.39it/s]An error occurred while trying to fetch /home/junruz/.cache/huggingface/hub/models--stabilityai--stable-diffusion-2-1-base/snapshots/1f758383196d38df1dfe523ddb1030f2bfab7741/vae: Error no file named diffusion_pytorch_model.safetensors found in directory /home/junruz/.cache/huggingface/hub/models--stabilityai--stable-diffusion-2-1-base/snapshots/1f758383196d38df1dfe523ddb1030f2bfab7741/vae.
Defaulting to unsafe serialization. Pass `allow_pickle=False` to raise an error instead.
Loading pipeline components...:  80%|████████  | 4/5 [00:01<00:00,  4.39it/s]Loading pipeline components...: 100%|██████████| 5/5 [00:01<00:00,  4.84it/s]
/home/junruz/BrainDiVE/brain_guide_pipeline.py:694: FutureWarning: Accessing config attribute `in_channels` directly via 'UNet2DConditionModel' object attribute is deprecated. Please access 'in_channels' over 'UNet2DConditionModel's config object instead, e.g. 'unet.config.in_channels'.
  num_channels_latents = self.unet.in_channels
/home/junruz/BrainDiVE/brain_guide_pipeline.py:823: FutureWarning: Accessing config attribute `attention_head_dim` directly via 'UNet2DConditionModel' object attribute is deprecated. Please access 'attention_head_dim' over 'UNet2DConditionModel's config object instead, e.g. 'unet.config.attention_head_dim'.
  h = self.unet.attention_head_dim
/home/junruz/.local/envs/env2025/lib/python3.13/site-packages/diffusers/utils/pil_utils.py:43: RuntimeWarning: invalid value encountered in cast
  images = (images * 255).round().astype("uint8")
Starting S1 V1
Top 5 r2_voxels values for V1: [0.6588777  0.65762049 0.65322998]
Corresponding indices: [286 157 214]
Starting 00001
Starting 00002
Starting 00003
Starting 00004
Starting 00005
Starting 00006
Starting 00007
Starting 00008
Starting 00009
Starting 00010
Starting 00001
Starting 00002
Starting 00003
Starting 00004
Starting 00005
Starting 00006
Starting 00007
Starting 00008
Starting 00009
Starting 00010
Starting 00001
Starting 00002
Starting 00003
Starting 00004
Starting 00005
Starting 00006
Starting 00007
Starting 00008
Starting 00009
Starting 00010
Starting S1 V2
Top 5 r2_voxels values for V2: [0.6205154  0.59690034 0.59654524]
Corresponding indices: [ 822  696 1010]
Starting 00001
Starting 00002
Starting 00003
Starting 00004
Starting 00005
Starting 00006
Starting 00007
Starting 00008
Starting 00009
Starting 00010
Starting 00001
Starting 00002
Starting 00003
Starting 00004
Starting 00005
Starting 00006
Starting 00007
Starting 00008
Starting 00009
Starting 00010
Starting 00001
Starting 00002
Starting 00003
Starting 00004
Starting 00005
Starting 00006
Starting 00007
Starting 00008
Starting 00009
Starting 00010
Starting S1 V3
Top 5 r2_voxels values for V3: [0.43473274 0.43425644 0.43407736]
Corresponding indices: [ 533 1117  439]
Starting 00001
Starting 00002
Starting 00003
Starting 00004
Starting 00005
Starting 00006
Starting 00007
Starting 00008
Starting 00009
Starting 00010
Starting 00001
Starting 00002
Starting 00003
Starting 00004
Starting 00005
Starting 00006
Starting 00007
Starting 00008
Starting 00009
Starting 00010
Starting 00001
Starting 00002
Starting 00003
Starting 00004
Starting 00005
Starting 00006
Starting 00007
Starting 00008
Starting 00009
Starting 00010
Starting S1 hV4
Top 5 r2_voxels values for hV4: [0.45825577 0.44446481 0.4288471 ]
Corresponding indices: [276 291 234]
Starting 00001
Starting 00002
Starting 00003
Starting 00004
Starting 00005
Starting 00006
Starting 00007
Starting 00008
Starting 00009
Starting 00010
Starting 00001
Starting 00002
Starting 00003
Starting 00004
Starting 00005
Starting 00006
Starting 00007
Starting 00008
Starting 00009
Starting 00010
Starting 00001
Starting 00002
Starting 00003
Starting 00004
Starting 00005
Starting 00006
Starting 00007
Starting 00008
Starting 00009
Starting 00010
Starting S1 FFA
Top 5 r2_voxels values for FFA: [0.29945877 0.27235895 0.27177109]
Corresponding indices: [530 558 440]
Starting 00001
Starting 00002
Starting 00003
Starting 00004
Starting 00005
Starting 00006
Starting 00007
Starting 00008
Starting 00009
Starting 00010
Starting 00001
Starting 00002
Starting 00003
Starting 00004
Starting 00005
Starting 00006
Starting 00007
Starting 00008
Starting 00009
Starting 00010
Starting 00001
Starting 00002
Starting 00003
Starting 00004
Starting 00005
Starting 00006
Starting 00007
Starting 00008
Starting 00009
Starting 00010
Starting S1 PPA
Top 5 r2_voxels values for PPA: [0.26625484 0.26495807 0.25868543]
Corresponding indices: [193 748 198]
Starting 00001
Starting 00002
Starting 00003
Starting 00004
Starting 00005
Starting 00006
Starting 00007
Starting 00008
Starting 00009
Starting 00010
Starting 00001
Starting 00002
Starting 00003
Starting 00004
Starting 00005
Starting 00006
Starting 00007
Starting 00008
Starting 00009
Starting 00010
Starting 00001
Starting 00002
Starting 00003
Starting 00004
Starting 00005
Starting 00006
Starting 00007
Starting 00008
Starting 00009
Starting 00010
